2020-11-06 11:29:35.500  INFO 7360 --- [restartedMain] org.bohemia.webapi.WebApiApplication     : Starting WebApiApplication on DESKTOP-1MMAKE7 with PID 7360 (D:\Project\FuckWeb\web-api\target\classes started by LBohemiaY in D:\Project\FuckWeb\web-api)
2020-11-06 11:29:35.501  INFO 7360 --- [restartedMain] org.bohemia.webapi.WebApiApplication     : No active profile set, falling back to default profiles: default
2020-11-06 11:29:35.526  INFO 7360 --- [restartedMain] .e.DevToolsPropertyDefaultsPostProcessor : Devtools property defaults active! Set 'spring.devtools.add-properties' to 'false' to disable
2020-11-06 11:29:35.526  INFO 7360 --- [restartedMain] .e.DevToolsPropertyDefaultsPostProcessor : For additional web related logging consider setting the 'logging.level.web' property to 'DEBUG'
2020-11-06 11:29:35.732  WARN 7360 --- [restartedMain] o.m.s.mapper.ClassPathMapperScanner      : Skipping MapperFactoryBean with name 'userMapper' and 'org.bohemia.webapi.mapper.UserMapper' mapperInterface. Bean already defined with the same name!
2020-11-06 11:29:35.732  WARN 7360 --- [restartedMain] o.m.s.mapper.ClassPathMapperScanner      : No MyBatis mapper was found in '[org.bohemia.webapi.mapper]' package. Please check your configuration.
2020-11-06 11:29:36.166  INFO 7360 --- [restartedMain] o.s.b.w.embedded.tomcat.TomcatWebServer  : Tomcat initialized with port(s): 8023 (http)
2020-11-06 11:29:36.171  INFO 7360 --- [restartedMain] o.apache.catalina.core.StandardService   : Starting service [Tomcat]
2020-11-06 11:29:36.171  INFO 7360 --- [restartedMain] org.apache.catalina.core.StandardEngine  : Starting Servlet engine: [Apache Tomcat/9.0.39]
2020-11-06 11:29:36.223  INFO 7360 --- [restartedMain] o.a.c.c.C.[Tomcat].[localhost].[/api]    : Initializing Spring embedded WebApplicationContext
2020-11-06 11:29:36.223  INFO 7360 --- [restartedMain] w.s.c.ServletWebServerApplicationContext : Root WebApplicationContext: initialization completed in 696 ms
2020-11-06 11:29:36.667  INFO 7360 --- [restartedMain] o.s.s.concurrent.ThreadPoolTaskExecutor  : Initializing ExecutorService 'applicationTaskExecutor'
2020-11-06 11:29:36.785  INFO 7360 --- [restartedMain] o.s.b.d.a.OptionalLiveReloadServer       : LiveReload server is running on port 35729
2020-11-06 11:29:36.806  INFO 7360 --- [restartedMain] o.s.b.w.embedded.tomcat.TomcatWebServer  : Tomcat started on port(s): 8023 (http) with context path '/api'
2020-11-06 11:29:36.814  INFO 7360 --- [restartedMain] org.bohemia.webapi.WebApiApplication     : Started WebApiApplication in 1.533 seconds (JVM running for 3.26)
2020-11-06 11:30:11.230  INFO 9416 --- [restartedMain] org.bohemia.webapi.WebApiApplication     : Starting WebApiApplication on DESKTOP-1MMAKE7 with PID 9416 (D:\Project\FuckWeb\web-api\target\classes started by LBohemiaY in D:\Project\FuckWeb\web-api)
2020-11-06 11:30:11.233  INFO 9416 --- [restartedMain] org.bohemia.webapi.WebApiApplication     : No active profile set, falling back to default profiles: default
2020-11-06 11:30:11.270  INFO 9416 --- [restartedMain] .e.DevToolsPropertyDefaultsPostProcessor : Devtools property defaults active! Set 'spring.devtools.add-properties' to 'false' to disable
2020-11-06 11:30:11.270  INFO 9416 --- [restartedMain] .e.DevToolsPropertyDefaultsPostProcessor : For additional web related logging consider setting the 'logging.level.web' property to 'DEBUG'
2020-11-06 11:30:11.558  WARN 9416 --- [restartedMain] o.m.s.mapper.ClassPathMapperScanner      : Skipping MapperFactoryBean with name 'userMapper' and 'org.bohemia.webapi.mapper.UserMapper' mapperInterface. Bean already defined with the same name!
2020-11-06 11:30:11.558  WARN 9416 --- [restartedMain] o.m.s.mapper.ClassPathMapperScanner      : No MyBatis mapper was found in '[org.bohemia.webapi.mapper]' package. Please check your configuration.
2020-11-06 11:30:11.984  INFO 9416 --- [restartedMain] o.s.b.w.embedded.tomcat.TomcatWebServer  : Tomcat initialized with port(s): 8023 (http)
2020-11-06 11:30:11.989  INFO 9416 --- [restartedMain] o.apache.catalina.core.StandardService   : Starting service [Tomcat]
2020-11-06 11:30:11.989  INFO 9416 --- [restartedMain] org.apache.catalina.core.StandardEngine  : Starting Servlet engine: [Apache Tomcat/9.0.39]
2020-11-06 11:30:12.040  INFO 9416 --- [restartedMain] o.a.c.c.C.[Tomcat].[localhost].[/api]    : Initializing Spring embedded WebApplicationContext
2020-11-06 11:30:12.040  INFO 9416 --- [restartedMain] w.s.c.ServletWebServerApplicationContext : Root WebApplicationContext: initialization completed in 770 ms
2020-11-06 11:30:12.499  INFO 9416 --- [restartedMain] o.s.s.concurrent.ThreadPoolTaskExecutor  : Initializing ExecutorService 'applicationTaskExecutor'
2020-11-06 11:30:12.622  INFO 9416 --- [restartedMain] o.s.b.d.a.OptionalLiveReloadServer       : LiveReload server is running on port 35729
2020-11-06 11:30:12.643  INFO 9416 --- [restartedMain] o.s.b.w.embedded.tomcat.TomcatWebServer  : Tomcat started on port(s): 8023 (http) with context path '/api'
2020-11-06 11:30:12.650  INFO 9416 --- [restartedMain] org.bohemia.webapi.WebApiApplication     : Started WebApiApplication in 1.622 seconds (JVM running for 3.388)
2020-11-06 11:30:30.178  INFO 9416 --- [http-nio-8023-exec-3] o.a.c.c.C.[Tomcat].[localhost].[/api]    : Initializing Spring DispatcherServlet 'dispatcherServlet'
2020-11-06 11:30:30.178  INFO 9416 --- [http-nio-8023-exec-3] o.s.web.servlet.DispatcherServlet        : Initializing Servlet 'dispatcherServlet'
2020-11-06 11:30:30.182  INFO 9416 --- [http-nio-8023-exec-3] o.s.web.servlet.DispatcherServlet        : Completed initialization in 4 ms
2020-11-06 11:30:30.264 ERROR 9416 --- [http-nio-8023-exec-3] o.a.c.c.C.[.[.[.[dispatcherServlet]      : Servlet.service() for servlet [dispatcherServlet] in context with path [/api] threw exception [Request processing failed; nested exception is org.mybatis.spring.MyBatisSystemException: nested exception is org.apache.ibatis.reflection.ReflectionException: There is no getter for property named 'user' in 'class org.bohemia.webapi.entity.User'] with root cause

org.apache.ibatis.reflection.ReflectionException: There is no getter for property named 'user' in 'class org.bohemia.webapi.entity.User'
	at org.apache.ibatis.reflection.Reflector.getGetInvoker(Reflector.java:419) ~[mybatis-3.4.6.jar:3.4.6]
	at org.apache.ibatis.reflection.MetaClass.getGetInvoker(MetaClass.java:164) ~[mybatis-3.4.6.jar:3.4.6]
	at org.apache.ibatis.reflection.wrapper.BeanWrapper.getBeanProperty(BeanWrapper.java:162) ~[mybatis-3.4.6.jar:3.4.6]
	at org.apache.ibatis.reflection.wrapper.BeanWrapper.get(BeanWrapper.java:49) ~[mybatis-3.4.6.jar:3.4.6]
	at org.apache.ibatis.reflection.MetaObject.getValue(MetaObject.java:122) ~[mybatis-3.4.6.jar:3.4.6]
	at org.apache.ibatis.reflection.MetaObject.metaObjectForProperty(MetaObject.java:145) ~[mybatis-3.4.6.jar:3.4.6]
	at org.apache.ibatis.reflection.MetaObject.getValue(MetaObject.java:115) ~[mybatis-3.4.6.jar:3.4.6]
	at org.apache.ibatis.executor.BaseExecutor.createCacheKey(BaseExecutor.java:219) ~[mybatis-3.4.6.jar:3.4.6]
	at org.apache.ibatis.executor.CachingExecutor.createCacheKey(CachingExecutor.java:146) ~[mybatis-3.4.6.jar:3.4.6]
	at org.apache.ibatis.executor.CachingExecutor.query(CachingExecutor.java:82) ~[mybatis-3.4.6.jar:3.4.6]
	at org.apache.ibatis.session.defaults.DefaultSqlSession.selectList(DefaultSqlSession.java:148) ~[mybatis-3.4.6.jar:3.4.6]
	at org.apache.ibatis.session.defaults.DefaultSqlSession.selectList(DefaultSqlSession.java:141) ~[mybatis-3.4.6.jar:3.4.6]
	at org.apache.ibatis.session.defaults.DefaultSqlSession.selectOne(DefaultSqlSession.java:77) ~[mybatis-3.4.6.jar:3.4.6]
	at sun.reflect.NativeMethodAccessorImpl.invoke0(Native Method) ~[na:1.8.0_261]
	at sun.reflect.NativeMethodAccessorImpl.invoke(NativeMethodAccessorImpl.java:62) ~[na:1.8.0_261]
	at sun.reflect.DelegatingMethodAccessorImpl.invoke(DelegatingMethodAccessorImpl.java:43) ~[na:1.8.0_261]
	at java.lang.reflect.Method.invoke(Method.java:498) ~[na:1.8.0_261]
	at org.mybatis.spring.SqlSessionTemplate$SqlSessionInterceptor.invoke(SqlSessionTemplate.java:433) ~[mybatis-spring-1.3.2.jar:1.3.2]
	at com.sun.proxy.$Proxy67.selectOne(Unknown Source) ~[na:na]
	at org.mybatis.spring.SqlSessionTemplate.selectOne(SqlSessionTemplate.java:166) ~[mybatis-spring-1.3.2.jar:1.3.2]
	at org.apache.ibatis.binding.MapperMethod.execute(MapperMethod.java:83) ~[mybatis-3.4.6.jar:3.4.6]
	at org.apache.ibatis.binding.MapperProxy.invoke(MapperProxy.java:59) ~[mybatis-3.4.6.jar:3.4.6]
	at com.sun.proxy.$Proxy69.getLoginOne(Unknown Source) ~[na:na]
	at org.bohemia.webapi.service.impl.UserServiceApiImpl.getLoginOne(UserServiceApiImpl.java:18) ~[classes/:na]
	at org.bohemia.webapi.controller.UserController.login(UserController.java:37) ~[classes/:na]
	at sun.reflect.NativeMethodAccessorImpl.invoke0(Native Method) ~[na:1.8.0_261]
	at sun.reflect.NativeMethodAccessorImpl.invoke(NativeMethodAccessorImpl.java:62) ~[na:1.8.0_261]
	at sun.reflect.DelegatingMethodAccessorImpl.invoke(DelegatingMethodAccessorImpl.java:43) ~[na:1.8.0_261]
	at java.lang.reflect.Method.invoke(Method.java:498) ~[na:1.8.0_261]
	at org.springframework.web.method.support.InvocableHandlerMethod.doInvoke(InvocableHandlerMethod.java:190) ~[spring-web-5.2.10.RELEASE.jar:5.2.10.RELEASE]
	at org.springframework.web.method.support.InvocableHandlerMethod.invokeForRequest(InvocableHandlerMethod.java:138) ~[spring-web-5.2.10.RELEASE.jar:5.2.10.RELEASE]
	at org.springframework.web.servlet.mvc.method.annotation.ServletInvocableHandlerMethod.invokeAndHandle(ServletInvocableHandlerMethod.java:105) ~[spring-webmvc-5.2.10.RELEASE.jar:5.2.10.RELEASE]
	at org.springframework.web.servlet.mvc.method.annotation.RequestMappingHandlerAdapter.invokeHandlerMethod(RequestMappingHandlerAdapter.java:878) ~[spring-webmvc-5.2.10.RELEASE.jar:5.2.10.RELEASE]
	at org.springframework.web.servlet.mvc.method.annotation.RequestMappingHandlerAdapter.handleInternal(RequestMappingHandlerAdapter.java:792) ~[spring-webmvc-5.2.10.RELEASE.jar:5.2.10.RELEASE]
	at org.springframework.web.servlet.mvc.method.AbstractHandlerMethodAdapter.handle(AbstractHandlerMethodAdapter.java:87) ~[spring-webmvc-5.2.10.RELEASE.jar:5.2.10.RELEASE]
	at org.springframework.web.servlet.DispatcherServlet.doDispatch(DispatcherServlet.java:1040) ~[spring-webmvc-5.2.10.RELEASE.jar:5.2.10.RELEASE]
	at org.springframework.web.servlet.DispatcherServlet.doService(DispatcherServlet.java:943) ~[spring-webmvc-5.2.10.RELEASE.jar:5.2.10.RELEASE]
	at org.springframework.web.servlet.FrameworkServlet.processRequest(FrameworkServlet.java:1006) ~[spring-webmvc-5.2.10.RELEASE.jar:5.2.10.RELEASE]
	at org.springframework.web.servlet.FrameworkServlet.doPost(FrameworkServlet.java:909) ~[spring-webmvc-5.2.10.RELEASE.jar:5.2.10.RELEASE]
	at javax.servlet.http.HttpServlet.service(HttpServlet.java:652) ~[tomcat-embed-core-9.0.39.jar:4.0.FR]
	at org.springframework.web.servlet.FrameworkServlet.service(FrameworkServlet.java:883) ~[spring-webmvc-5.2.10.RELEASE.jar:5.2.10.RELEASE]
	at javax.servlet.http.HttpServlet.service(HttpServlet.java:733) ~[tomcat-embed-core-9.0.39.jar:4.0.FR]
	at org.apache.catalina.core.ApplicationFilterChain.internalDoFilter(ApplicationFilterChain.java:231) ~[tomcat-embed-core-9.0.39.jar:9.0.39]
	at org.apache.catalina.core.ApplicationFilterChain.doFilter(ApplicationFilterChain.java:166) ~[tomcat-embed-core-9.0.39.jar:9.0.39]
	at org.apache.tomcat.websocket.server.WsFilter.doFilter(WsFilter.java:53) ~[tomcat-embed-websocket-9.0.39.jar:9.0.39]
	at org.apache.catalina.core.ApplicationFilterChain.internalDoFilter(ApplicationFilterChain.java:193) ~[tomcat-embed-core-9.0.39.jar:9.0.39]
	at org.apache.catalina.core.ApplicationFilterChain.doFilter(ApplicationFilterChain.java:166) ~[tomcat-embed-core-9.0.39.jar:9.0.39]
	at org.springframework.web.filter.CorsFilter.doFilterInternal(CorsFilter.java:92) ~[spring-web-5.2.10.RELEASE.jar:5.2.10.RELEASE]
	at org.springframework.web.filter.OncePerRequestFilter.doFilter(OncePerRequestFilter.java:119) ~[spring-web-5.2.10.RELEASE.jar:5.2.10.RELEASE]
	at org.apache.catalina.core.ApplicationFilterChain.internalDoFilter(ApplicationFilterChain.java:193) ~[tomcat-embed-core-9.0.39.jar:9.0.39]
	at org.apache.catalina.core.ApplicationFilterChain.doFilter(ApplicationFilterChain.java:166) ~[tomcat-embed-core-9.0.39.jar:9.0.39]
	at org.springframework.web.filter.RequestContextFilter.doFilterInternal(RequestContextFilter.java:100) ~[spring-web-5.2.10.RELEASE.jar:5.2.10.RELEASE]
	at org.springframework.web.filter.OncePerRequestFilter.doFilter(OncePerRequestFilter.java:119) ~[spring-web-5.2.10.RELEASE.jar:5.2.10.RELEASE]
	at org.apache.catalina.core.ApplicationFilterChain.internalDoFilter(ApplicationFilterChain.java:193) ~[tomcat-embed-core-9.0.39.jar:9.0.39]
	at org.apache.catalina.core.ApplicationFilterChain.doFilter(ApplicationFilterChain.java:166) ~[tomcat-embed-core-9.0.39.jar:9.0.39]
	at org.springframework.web.filter.FormContentFilter.doFilterInternal(FormContentFilter.java:93) ~[spring-web-5.2.10.RELEASE.jar:5.2.10.RELEASE]
	at org.springframework.web.filter.OncePerRequestFilter.doFilter(OncePerRequestFilter.java:119) ~[spring-web-5.2.10.RELEASE.jar:5.2.10.RELEASE]
	at org.apache.catalina.core.ApplicationFilterChain.internalDoFilter(ApplicationFilterChain.java:193) ~[tomcat-embed-core-9.0.39.jar:9.0.39]
	at org.apache.catalina.core.ApplicationFilterChain.doFilter(ApplicationFilterChain.java:166) ~[tomcat-embed-core-9.0.39.jar:9.0.39]
	at org.springframework.web.filter.CharacterEncodingFilter.doFilterInternal(CharacterEncodingFilter.java:201) ~[spring-web-5.2.10.RELEASE.jar:5.2.10.RELEASE]
	at org.springframework.web.filter.OncePerRequestFilter.doFilter(OncePerRequestFilter.java:119) ~[spring-web-5.2.10.RELEASE.jar:5.2.10.RELEASE]
	at org.apache.catalina.core.ApplicationFilterChain.internalDoFilter(ApplicationFilterChain.java:193) ~[tomcat-embed-core-9.0.39.jar:9.0.39]
	at org.apache.catalina.core.ApplicationFilterChain.doFilter(ApplicationFilterChain.java:166) ~[tomcat-embed-core-9.0.39.jar:9.0.39]
	at org.apache.catalina.core.StandardWrapperValve.invoke(StandardWrapperValve.java:202) ~[tomcat-embed-core-9.0.39.jar:9.0.39]
	at org.apache.catalina.core.StandardContextValve.invoke(StandardContextValve.java:97) [tomcat-embed-core-9.0.39.jar:9.0.39]
	at org.apache.catalina.authenticator.AuthenticatorBase.invoke(AuthenticatorBase.java:542) [tomcat-embed-core-9.0.39.jar:9.0.39]
	at org.apache.catalina.core.StandardHostValve.invoke(StandardHostValve.java:143) [tomcat-embed-core-9.0.39.jar:9.0.39]
	at org.apache.catalina.valves.ErrorReportValve.invoke(ErrorReportValve.java:92) [tomcat-embed-core-9.0.39.jar:9.0.39]
	at org.apache.catalina.core.StandardEngineValve.invoke(StandardEngineValve.java:78) [tomcat-embed-core-9.0.39.jar:9.0.39]
	at org.apache.catalina.connector.CoyoteAdapter.service(CoyoteAdapter.java:343) [tomcat-embed-core-9.0.39.jar:9.0.39]
	at org.apache.coyote.http11.Http11Processor.service(Http11Processor.java:374) [tomcat-embed-core-9.0.39.jar:9.0.39]
	at org.apache.coyote.AbstractProcessorLight.process(AbstractProcessorLight.java:65) [tomcat-embed-core-9.0.39.jar:9.0.39]
	at org.apache.coyote.AbstractProtocol$ConnectionHandler.process(AbstractProtocol.java:868) [tomcat-embed-core-9.0.39.jar:9.0.39]
	at org.apache.tomcat.util.net.NioEndpoint$SocketProcessor.doRun(NioEndpoint.java:1590) [tomcat-embed-core-9.0.39.jar:9.0.39]
	at org.apache.tomcat.util.net.SocketProcessorBase.run(SocketProcessorBase.java:49) [tomcat-embed-core-9.0.39.jar:9.0.39]
	at java.util.concurrent.ThreadPoolExecutor.runWorker(ThreadPoolExecutor.java:1149) [na:1.8.0_261]
	at java.util.concurrent.ThreadPoolExecutor$Worker.run(ThreadPoolExecutor.java:624) [na:1.8.0_261]
	at org.apache.tomcat.util.threads.TaskThread$WrappingRunnable.run(TaskThread.java:61) [tomcat-embed-core-9.0.39.jar:9.0.39]
	at java.lang.Thread.run(Thread.java:748) [na:1.8.0_261]

2020-11-06 11:32:04.400  INFO 14760 --- [restartedMain] org.bohemia.webapi.WebApiApplication     : Starting WebApiApplication on DESKTOP-1MMAKE7 with PID 14760 (D:\Project\FuckWeb\web-api\target\classes started by LBohemiaY in D:\Project\FuckWeb\web-api)
2020-11-06 11:32:04.401  INFO 14760 --- [restartedMain] org.bohemia.webapi.WebApiApplication     : No active profile set, falling back to default profiles: default
2020-11-06 11:32:04.427  INFO 14760 --- [restartedMain] .e.DevToolsPropertyDefaultsPostProcessor : Devtools property defaults active! Set 'spring.devtools.add-properties' to 'false' to disable
2020-11-06 11:32:04.427  INFO 14760 --- [restartedMain] .e.DevToolsPropertyDefaultsPostProcessor : For additional web related logging consider setting the 'logging.level.web' property to 'DEBUG'
2020-11-06 11:32:04.624  WARN 14760 --- [restartedMain] o.m.s.mapper.ClassPathMapperScanner      : Skipping MapperFactoryBean with name 'userMapper' and 'org.bohemia.webapi.mapper.UserMapper' mapperInterface. Bean already defined with the same name!
2020-11-06 11:32:04.624  WARN 14760 --- [restartedMain] o.m.s.mapper.ClassPathMapperScanner      : No MyBatis mapper was found in '[org.bohemia.webapi.mapper]' package. Please check your configuration.
2020-11-06 11:32:05.065  INFO 14760 --- [restartedMain] o.s.b.w.embedded.tomcat.TomcatWebServer  : Tomcat initialized with port(s): 8023 (http)
2020-11-06 11:32:05.070  INFO 14760 --- [restartedMain] o.apache.catalina.core.StandardService   : Starting service [Tomcat]
2020-11-06 11:32:05.070  INFO 14760 --- [restartedMain] org.apache.catalina.core.StandardEngine  : Starting Servlet engine: [Apache Tomcat/9.0.39]
2020-11-06 11:32:05.122  INFO 14760 --- [restartedMain] o.a.c.c.C.[Tomcat].[localhost].[/api]    : Initializing Spring embedded WebApplicationContext
2020-11-06 11:32:05.123  INFO 14760 --- [restartedMain] w.s.c.ServletWebServerApplicationContext : Root WebApplicationContext: initialization completed in 696 ms
2020-11-06 11:32:05.604  INFO 14760 --- [restartedMain] o.s.s.concurrent.ThreadPoolTaskExecutor  : Initializing ExecutorService 'applicationTaskExecutor'
2020-11-06 11:32:05.719  INFO 14760 --- [restartedMain] o.s.b.d.a.OptionalLiveReloadServer       : LiveReload server is running on port 35729
2020-11-06 11:32:05.739  INFO 14760 --- [restartedMain] o.s.b.w.embedded.tomcat.TomcatWebServer  : Tomcat started on port(s): 8023 (http) with context path '/api'
2020-11-06 11:32:05.747  INFO 14760 --- [restartedMain] org.bohemia.webapi.WebApiApplication     : Started WebApiApplication in 1.55 seconds (JVM running for 3.187)
2020-11-06 11:32:07.953  INFO 14760 --- [http-nio-8023-exec-1] o.a.c.c.C.[Tomcat].[localhost].[/api]    : Initializing Spring DispatcherServlet 'dispatcherServlet'
2020-11-06 11:32:07.953  INFO 14760 --- [http-nio-8023-exec-1] o.s.web.servlet.DispatcherServlet        : Initializing Servlet 'dispatcherServlet'
2020-11-06 11:32:07.957  INFO 14760 --- [http-nio-8023-exec-1] o.s.web.servlet.DispatcherServlet        : Completed initialization in 4 ms
2020-11-06 11:32:08.035  INFO 14760 --- [http-nio-8023-exec-1] com.zaxxer.hikari.HikariDataSource       : HikariPool-1 - Starting...
2020-11-06 11:32:08.149  INFO 14760 --- [http-nio-8023-exec-1] com.zaxxer.hikari.HikariDataSource       : HikariPool-1 - Start completed.
2020-11-06 11:35:35.901  INFO 1928 --- [restartedMain] org.bohemia.webapi.WebApiApplication     : Starting WebApiApplication on DESKTOP-1MMAKE7 with PID 1928 (D:\Project\FuckWeb\web-api\target\classes started by LBohemiaY in D:\Project\FuckWeb\web-api)
2020-11-06 11:35:35.903  INFO 1928 --- [restartedMain] org.bohemia.webapi.WebApiApplication     : No active profile set, falling back to default profiles: default
2020-11-06 11:35:35.927  INFO 1928 --- [restartedMain] .e.DevToolsPropertyDefaultsPostProcessor : Devtools property defaults active! Set 'spring.devtools.add-properties' to 'false' to disable
2020-11-06 11:35:35.927  INFO 1928 --- [restartedMain] .e.DevToolsPropertyDefaultsPostProcessor : For additional web related logging consider setting the 'logging.level.web' property to 'DEBUG'
2020-11-06 11:35:36.157  WARN 1928 --- [restartedMain] o.m.s.mapper.ClassPathMapperScanner      : Skipping MapperFactoryBean with name 'userMapper' and 'org.bohemia.webapi.mapper.UserMapper' mapperInterface. Bean already defined with the same name!
2020-11-06 11:35:36.157  WARN 1928 --- [restartedMain] o.m.s.mapper.ClassPathMapperScanner      : No MyBatis mapper was found in '[org.bohemia.webapi.mapper]' package. Please check your configuration.
2020-11-06 11:35:36.612  INFO 1928 --- [restartedMain] o.s.b.w.embedded.tomcat.TomcatWebServer  : Tomcat initialized with port(s): 8023 (http)
2020-11-06 11:35:36.618  INFO 1928 --- [restartedMain] o.apache.catalina.core.StandardService   : Starting service [Tomcat]
2020-11-06 11:35:36.618  INFO 1928 --- [restartedMain] org.apache.catalina.core.StandardEngine  : Starting Servlet engine: [Apache Tomcat/9.0.39]
2020-11-06 11:35:36.670  INFO 1928 --- [restartedMain] o.a.c.c.C.[Tomcat].[localhost].[/api]    : Initializing Spring embedded WebApplicationContext
2020-11-06 11:35:36.670  INFO 1928 --- [restartedMain] w.s.c.ServletWebServerApplicationContext : Root WebApplicationContext: initialization completed in 743 ms
2020-11-06 11:35:37.222  INFO 1928 --- [restartedMain] o.s.s.concurrent.ThreadPoolTaskExecutor  : Initializing ExecutorService 'applicationTaskExecutor'
2020-11-06 11:35:37.338  INFO 1928 --- [restartedMain] o.s.b.d.a.OptionalLiveReloadServer       : LiveReload server is running on port 35729
2020-11-06 11:35:37.359  INFO 1928 --- [restartedMain] o.s.b.w.embedded.tomcat.TomcatWebServer  : Tomcat started on port(s): 8023 (http) with context path '/api'
2020-11-06 11:35:37.366  INFO 1928 --- [restartedMain] org.bohemia.webapi.WebApiApplication     : Started WebApiApplication in 1.667 seconds (JVM running for 3.442)
2020-11-06 11:35:39.022  INFO 1928 --- [http-nio-8023-exec-2] o.a.c.c.C.[Tomcat].[localhost].[/api]    : Initializing Spring DispatcherServlet 'dispatcherServlet'
2020-11-06 11:35:39.022  INFO 1928 --- [http-nio-8023-exec-2] o.s.web.servlet.DispatcherServlet        : Initializing Servlet 'dispatcherServlet'
2020-11-06 11:35:39.026  INFO 1928 --- [http-nio-8023-exec-2] o.s.web.servlet.DispatcherServlet        : Completed initialization in 4 ms
2020-11-06 11:35:39.109  INFO 1928 --- [http-nio-8023-exec-2] com.zaxxer.hikari.HikariDataSource       : HikariPool-1 - Starting...
2020-11-06 11:35:39.217  INFO 1928 --- [http-nio-8023-exec-2] com.zaxxer.hikari.HikariDataSource       : HikariPool-1 - Start completed.
2020-11-06 11:38:42.576  INFO 9576 --- [restartedMain] org.bohemia.webapi.WebApiApplication     : Starting WebApiApplication on DESKTOP-1MMAKE7 with PID 9576 (D:\Project\FuckWeb\web-api\target\classes started by LBohemiaY in D:\Project\FuckWeb\web-api)
2020-11-06 11:38:42.577  INFO 9576 --- [restartedMain] org.bohemia.webapi.WebApiApplication     : No active profile set, falling back to default profiles: default
2020-11-06 11:38:42.601  INFO 9576 --- [restartedMain] .e.DevToolsPropertyDefaultsPostProcessor : Devtools property defaults active! Set 'spring.devtools.add-properties' to 'false' to disable
2020-11-06 11:38:42.601  INFO 9576 --- [restartedMain] .e.DevToolsPropertyDefaultsPostProcessor : For additional web related logging consider setting the 'logging.level.web' property to 'DEBUG'
2020-11-06 11:38:42.831  WARN 9576 --- [restartedMain] o.m.s.mapper.ClassPathMapperScanner      : Skipping MapperFactoryBean with name 'userMapper' and 'org.bohemia.webapi.mapper.UserMapper' mapperInterface. Bean already defined with the same name!
2020-11-06 11:38:42.831  WARN 9576 --- [restartedMain] o.m.s.mapper.ClassPathMapperScanner      : No MyBatis mapper was found in '[org.bohemia.webapi.mapper]' package. Please check your configuration.
2020-11-06 11:38:43.244  INFO 9576 --- [restartedMain] o.s.b.w.embedded.tomcat.TomcatWebServer  : Tomcat initialized with port(s): 8023 (http)
2020-11-06 11:38:43.249  INFO 9576 --- [restartedMain] o.apache.catalina.core.StandardService   : Starting service [Tomcat]
2020-11-06 11:38:43.249  INFO 9576 --- [restartedMain] org.apache.catalina.core.StandardEngine  : Starting Servlet engine: [Apache Tomcat/9.0.39]
2020-11-06 11:38:43.301  INFO 9576 --- [restartedMain] o.a.c.c.C.[Tomcat].[localhost].[/api]    : Initializing Spring embedded WebApplicationContext
2020-11-06 11:38:43.301  INFO 9576 --- [restartedMain] w.s.c.ServletWebServerApplicationContext : Root WebApplicationContext: initialization completed in 699 ms
2020-11-06 11:38:43.748  INFO 9576 --- [restartedMain] o.s.s.concurrent.ThreadPoolTaskExecutor  : Initializing ExecutorService 'applicationTaskExecutor'
2020-11-06 11:38:43.865  INFO 9576 --- [restartedMain] o.s.b.d.a.OptionalLiveReloadServer       : LiveReload server is running on port 35729
2020-11-06 11:38:43.886  INFO 9576 --- [restartedMain] o.s.b.w.embedded.tomcat.TomcatWebServer  : Tomcat started on port(s): 8023 (http) with context path '/api'
2020-11-06 11:38:43.894  INFO 9576 --- [restartedMain] org.bohemia.webapi.WebApiApplication     : Started WebApiApplication in 1.534 seconds (JVM running for 3.195)
2020-11-06 11:38:45.117  INFO 9576 --- [http-nio-8023-exec-2] o.a.c.c.C.[Tomcat].[localhost].[/api]    : Initializing Spring DispatcherServlet 'dispatcherServlet'
2020-11-06 11:38:45.117  INFO 9576 --- [http-nio-8023-exec-2] o.s.web.servlet.DispatcherServlet        : Initializing Servlet 'dispatcherServlet'
2020-11-06 11:38:45.124  INFO 9576 --- [http-nio-8023-exec-2] o.s.web.servlet.DispatcherServlet        : Completed initialization in 7 ms
2020-11-06 11:38:45.210  INFO 9576 --- [http-nio-8023-exec-2] o.b.webapi.controller.UserController     : {"password":"123456","username":"admin"}  尝试登录: 1604633925210
2020-11-06 11:38:45.227  INFO 9576 --- [http-nio-8023-exec-2] com.zaxxer.hikari.HikariDataSource       : HikariPool-1 - Starting...
2020-11-06 11:38:45.359  INFO 9576 --- [http-nio-8023-exec-2] com.zaxxer.hikari.HikariDataSource       : HikariPool-1 - Start completed.
2020-11-06 11:40:33.160  INFO 16764 --- [restartedMain] org.bohemia.webapi.WebApiApplication     : Starting WebApiApplication on DESKTOP-1MMAKE7 with PID 16764 (D:\Project\FuckWeb\web-api\target\classes started by LBohemiaY in D:\Project\FuckWeb\web-api)
2020-11-06 11:40:33.163  INFO 16764 --- [restartedMain] org.bohemia.webapi.WebApiApplication     : No active profile set, falling back to default profiles: default
2020-11-06 11:40:33.210  INFO 16764 --- [restartedMain] .e.DevToolsPropertyDefaultsPostProcessor : Devtools property defaults active! Set 'spring.devtools.add-properties' to 'false' to disable
2020-11-06 11:40:33.210  INFO 16764 --- [restartedMain] .e.DevToolsPropertyDefaultsPostProcessor : For additional web related logging consider setting the 'logging.level.web' property to 'DEBUG'
2020-11-06 11:40:33.475  WARN 16764 --- [restartedMain] o.m.s.mapper.ClassPathMapperScanner      : Skipping MapperFactoryBean with name 'userMapper' and 'org.bohemia.webapi.mapper.UserMapper' mapperInterface. Bean already defined with the same name!
2020-11-06 11:40:33.475  WARN 16764 --- [restartedMain] o.m.s.mapper.ClassPathMapperScanner      : No MyBatis mapper was found in '[org.bohemia.webapi.mapper]' package. Please check your configuration.
2020-11-06 11:40:33.935  INFO 16764 --- [restartedMain] o.s.b.w.embedded.tomcat.TomcatWebServer  : Tomcat initialized with port(s): 8023 (http)
2020-11-06 11:40:33.939  INFO 16764 --- [restartedMain] o.apache.catalina.core.StandardService   : Starting service [Tomcat]
2020-11-06 11:40:33.940  INFO 16764 --- [restartedMain] org.apache.catalina.core.StandardEngine  : Starting Servlet engine: [Apache Tomcat/9.0.39]
2020-11-06 11:40:33.993  INFO 16764 --- [restartedMain] o.a.c.c.C.[Tomcat].[localhost].[/api]    : Initializing Spring embedded WebApplicationContext
2020-11-06 11:40:33.994  INFO 16764 --- [restartedMain] w.s.c.ServletWebServerApplicationContext : Root WebApplicationContext: initialization completed in 784 ms
2020-11-06 11:40:34.436  INFO 16764 --- [restartedMain] o.s.s.concurrent.ThreadPoolTaskExecutor  : Initializing ExecutorService 'applicationTaskExecutor'
2020-11-06 11:40:34.553  INFO 16764 --- [restartedMain] o.s.b.d.a.OptionalLiveReloadServer       : LiveReload server is running on port 35729
2020-11-06 11:40:34.574  INFO 16764 --- [restartedMain] o.s.b.w.embedded.tomcat.TomcatWebServer  : Tomcat started on port(s): 8023 (http) with context path '/api'
2020-11-06 11:40:34.581  INFO 16764 --- [restartedMain] org.bohemia.webapi.WebApiApplication     : Started WebApiApplication in 1.716 seconds (JVM running for 3.095)
2020-11-06 11:40:35.818  INFO 16764 --- [http-nio-8023-exec-1] o.a.c.c.C.[Tomcat].[localhost].[/api]    : Initializing Spring DispatcherServlet 'dispatcherServlet'
2020-11-06 11:40:35.818  INFO 16764 --- [http-nio-8023-exec-1] o.s.web.servlet.DispatcherServlet        : Initializing Servlet 'dispatcherServlet'
2020-11-06 11:40:35.822  INFO 16764 --- [http-nio-8023-exec-1] o.s.web.servlet.DispatcherServlet        : Completed initialization in 4 ms
2020-11-06 11:40:35.888  INFO 16764 --- [http-nio-8023-exec-1] o.b.webapi.controller.UserController     : {"password":"123456","username":"admin"}  尝试登录: 2020-11-06 11:40:35
2020-11-06 11:40:35.900  INFO 16764 --- [http-nio-8023-exec-1] com.zaxxer.hikari.HikariDataSource       : HikariPool-1 - Starting...
2020-11-06 11:40:36.003  INFO 16764 --- [http-nio-8023-exec-1] com.zaxxer.hikari.HikariDataSource       : HikariPool-1 - Start completed.
